\BOOKMARK [0][-]{chapter.2}{Problemstellung}{}% 1
\BOOKMARK [1][-]{section.3}{Anheben eines Objektes mithilfe von Ultraschall}{chapter.2}% 2
\BOOKMARK [1][-]{section.4}{lalala}{chapter.2}% 3
\BOOKMARK [1][-]{section.6}{Beispiele zur Gliederung: section}{chapter.2}% 4
\BOOKMARK [2][-]{subsection.7}{Unterkapitel subsection}{section.6}% 5
\BOOKMARK [3][-]{subsubsection.8}{Unterkapitel subsubsection}{subsection.7}% 6
\BOOKMARK [2][-]{subsection.12}{Ein weiteres Unterkapitel}{section.6}% 7
\BOOKMARK [1][-]{section.13}{Formeln}{chapter.2}% 8
\BOOKMARK [1][-]{section.17}{Listen und Aufz\344hlungen}{chapter.2}% 9
\BOOKMARK [1][-]{section.26}{Querverweise}{chapter.2}% 10
\BOOKMARK [0][-]{chapter.27}{Vergleich der Technologien}{}% 11
\BOOKMARK [1][-]{section.28}{Smartphone als Augmented Reality Ger\344t}{chapter.27}% 12
\BOOKMARK [0][-]{chapter.29}{Software}{}% 13
\BOOKMARK [1][-]{section.30}{Installation des Basissystems}{chapter.29}% 14
\BOOKMARK [2][-]{subsection.31}{Windows}{section.30}% 15
\BOOKMARK [2][-]{subsection.33}{Linux}{section.30}% 16
\BOOKMARK [1][-]{section.35}{\334bersetzung}{chapter.29}% 17
\BOOKMARK [2][-]{subsection.36}{latex vs. pdflatex}{section.35}% 18
\BOOKMARK [2][-]{subsection.37}{\334berblick \374ber die Kommandos}{section.35}% 19
\BOOKMARK [1][-]{section.41}{Verwendung von Entwicklungsumgebungen}{chapter.29}% 20
\BOOKMARK [2][-]{subsection.42}{Kile \205 GNU/Linux}{section.41}% 21
\BOOKMARK [2][-]{subsection.44}{TeXnicCenter \205 Windows}{section.41}% 22
\BOOKMARK [1][-]{section.46}{Dateien dieser Formatvorlage}{chapter.29}% 23
\BOOKMARK [0][-]{chapter.48}{Allgemeine Hinweise}{}% 24
\BOOKMARK [1][-]{section.49}{LaTeX-bezogen}{chapter.48}% 25
\BOOKMARK [1][-]{section.50}{Inhaltlich}{chapter.48}% 26
\BOOKMARK [0][-]{appendix.59}{Quellcode}{}% 27
\BOOKMARK [1][-]{section.60}{ESP32}{appendix.59}% 28
\BOOKMARK [1][-]{section.584}{Webpage}{appendix.59}% 29
\BOOKMARK [0][-]{appendix.1006}{Technische Zeichnungen}{}% 30
\BOOKMARK [0][-]{appendix.1022}{Software und Konfigurationsdateien}{}% 31
\BOOKMARK [1][-]{section.1023}{Software A}{appendix.1022}% 32
\BOOKMARK [1][-]{section.1024}{Software B}{appendix.1022}% 33
\BOOKMARK [0][-]{chapter*.1025}{Literaturverzeichnis}{}% 34
\BOOKMARK [0][-]{chapter*.1026}{Listings}{}% 35
\BOOKMARK [0][-]{chapter*.1027}{Abbildungsverzeichnis}{}% 36
\BOOKMARK [0][-]{chapter*.1028}{Tabellenverzeichnis}{}% 37
