This is pdfTeX, Version 3.14159265-2.6-1.40.18 (TeX Live 2017/W32TeX) (preloaded format=pdflatex 2018.1.16)  29 JUL 2019 17:51
entering extended mode
 restricted \write18 enabled.
 %&-line parsing enabled.
**./dokument.tex
(./dokument.tex
LaTeX2e <2017-04-15>
Babel <3.16> and hyphenation patterns for 84 language(s) loaded.
(c:/texlive/2017/texmf-dist/tex/latex/koma-script/scrreprt.cls
Document Class: scrreprt 2017/09/07 v3.24 KOMA-Script document class (report)
(c:/texlive/2017/texmf-dist/tex/latex/koma-script/scrkbase.sty
Package: scrkbase 2017/09/07 v3.24 KOMA-Script package (KOMA-Script-dependent b
asics and keyval usage)

(c:/texlive/2017/texmf-dist/tex/latex/koma-script/scrbase.sty
Package: scrbase 2017/09/07 v3.24 KOMA-Script package (KOMA-Script-independent 
basics and keyval usage)

(c:/texlive/2017/texmf-dist/tex/latex/graphics/keyval.sty
Package: keyval 2014/10/28 v1.15 key=value parser (DPC)
\KV@toks@=\toks14
)
(c:/texlive/2017/texmf-dist/tex/latex/koma-script/scrlfile.sty
Package: scrlfile 2017/09/07 v3.24 KOMA-Script package (loading files)
)))
(c:/texlive/2017/texmf-dist/tex/latex/koma-script/tocbasic.sty
Package: tocbasic 2017/09/07 v3.24 KOMA-Script package (handling toc-files)
\scr@dte@tocline@numberwidth=\skip41
\scr@dte@tocline@numbox=\box26
)
Package tocbasic Info: omitting babel extension for `toc'
(tocbasic)             because of feature `nobabel' available
(tocbasic)             for `toc' on input line 135.
Package tocbasic Info: omitting babel extension for `lof'
(tocbasic)             because of feature `nobabel' available
(tocbasic)             for `lof' on input line 137.
Package tocbasic Info: omitting babel extension for `lot'
(tocbasic)             because of feature `nobabel' available
(tocbasic)             for `lot' on input line 138.
Package tocbasic Info: defining new hook before heading of `' on input line 162
7.
Class scrreprt Info: You've used standard option `oneside'.
(scrreprt)           This is correct!
(scrreprt)           Internally I'm using `twoside=false'.
(scrreprt)           If you'd like to set the option with \KOMAoptions,
(scrreprt)           you'd have to use `twoside=false' there
(scrreprt)           instead of `oneside', too.
Package scrreprt Info: You've used standard option `12pt'.
(scrreprt)             This is correct!
(scrreprt)             Internally I'm using `fontsize=12pt'.
(scrreprt)             If you'd like to set the option with \KOMAoptions,
(scrreprt)             you'd have to use `fontsize=12pt' there
(scrreprt)             instead of `12pt', too.
Class scrreprt Info: You've used standard option `openright'.
(scrreprt)           This is correct!
(scrreprt)           Internally I'm using `open=right'.
(scrreprt)           If you'd like to set the option with \KOMAoptions,
(scrreprt)           you'd have to use `open=right' there
(scrreprt)           instead of `openright', too.
Class scrreprt Info: You've used standard option `abstracton'.
(scrreprt)           This is correct!
(scrreprt)           Internally I'm using `abstract=true'.
(scrreprt)           If you'd like to set the option with \KOMAoptions,
(scrreprt)           you'd have to use `abstract=true' there
(scrreprt)           instead of `abstracton', too.
Class scrreprt Info: File `scrsize12pt.clo' used to setup font sizes on input l
ine 2293.

(c:/texlive/2017/texmf-dist/tex/latex/koma-script/scrsize12pt.clo
File: scrsize12pt.clo 2017/09/07 v3.24 KOMA-Script font size class option (12pt
)
)
(c:/texlive/2017/texmf-dist/tex/latex/koma-script/typearea.sty
Package: typearea 2017/09/07 v3.24 KOMA-Script package (type area)
\ta@bcor=\skip42
\ta@div=\count79
Package typearea Info: You've used standard option `oneside'.
(typearea)             This is correct!
(typearea)             Internally I'm using `twoside=false'.
(typearea)             If you'd like to set the option with \KOMAoptions,
(typearea)             you'd have to use `twoside=false' there
(typearea)             instead of `oneside', too.
Package typearea Info: You've used standard option `a4paper'.
(typearea)             This is correct!
(typearea)             Internally I'm using `paper=a4'.
(typearea)             If you'd like to set the option with \KOMAoptions,
(typearea)             you'd have to use `paper=a4' there
(typearea)             instead of `a4paper', too.
\ta@hblk=\skip43
\ta@vblk=\skip44
\ta@temp=\skip45
\footheight=\skip46
Package typearea Info: These are the values describing the layout:
(typearea)             DIV  = 15
(typearea)             BCOR = 48.36967pt
(typearea)             \paperwidth      = 597.50793pt
(typearea)              \textwidth      = 439.31064pt
(typearea)              DIV departure   = -4%
(typearea)              \evensidemargin = 31.01349pt
(typearea)              \oddsidemargin  = 31.01349pt
(typearea)             \paperheight     = 845.04694pt
(typearea)              \textheight     = 650.0pt
(typearea)              \topmargin      = -15.93353pt
(typearea)              \headheight     = 18.125pt
(typearea)              \headsep        = 21.75pt
(typearea)              \topskip        = 12.0pt
(typearea)              \footskip       = 50.75pt
(typearea)              \baselineskip   = 14.5pt
(typearea)              on input line 1686.
)
\c@part=\count80
\c@chapter=\count81
\c@section=\count82
\c@subsection=\count83
\c@subsubsection=\count84
\c@paragraph=\count85
\c@subparagraph=\count86
\scr@dte@part@maxnumwidth=\skip47
\scr@dte@chapter@maxnumwidth=\skip48
\scr@dte@section@maxnumwidth=\skip49
\scr@dte@subsection@maxnumwidth=\skip50
\scr@dte@subsubsection@maxnumwidth=\skip51
\scr@dte@paragraph@maxnumwidth=\skip52
\scr@dte@subparagraph@maxnumwidth=\skip53
LaTeX Info: Redefining \textsubscript on input line 4964.
\abovecaptionskip=\skip54
\belowcaptionskip=\skip55
\c@pti@nb@sid@b@x=\box27
\c@figure=\count87
\c@table=\count88
Class scrreprt Info: Redefining `\numberline' on input line 6130.
\bibindent=\dimen102
) (./srcltx.sty
Package: srcltx 1999/10/11 v1.002 DVI Search
\PAGETOP=\count89
\LASTLINE=\count90
\INPSP=\count91
\everypar=\toks15
) (c:/texlive/2017/texmf-dist/tex/latex/pdfcprot/pdfcprot.sty
Package: pdfcprot 2002/02/27 v1.5 character protruding using pdflatex (cs)

(c:/texlive/2017/texmf-dist/tex/latex/base/ifthen.sty
Package: ifthen 2014/09/29 v1.1c Standard LaTeX ifthen package (DPC)
)
\c@CPROT@family=\count92
\c@CPROT@family@temp=\count93
\c@CPROT@series=\count94
\c@CPROT@series@temp=\count95
\c@CPROT@shape=\count96
\c@CPROT@shape@temp=\count97
\c@CPROT@size=\count98
\c@CPROT@size@temp=\count99
\c@CPROT@temp@chars=\count100
Package pdfcprot Info: \ifpdfoutput already defined.
(pdfcprot)             That may happen when using KOMA-Script together
(pdfcprot)             with ``pdfcprot.sty''. I have changed the definition
(pdfcprot)             from Markus' KOMA-Script, so if you experience errors
(pdfcprot)             try \let\ifpdfoutput\relax before loading ``pdfcprot.sty
''. on input line 747.
Package pdfcprot Info: You've requested char protruding for TS1 encoding
(pdfcprot)             but TS1 encoding doesn't seem to be loaded.
(pdfcprot)             Maybe you forgot a '\usepackage{textcomp}'. on input lin
e 805.
Package pdfcprot Info: You've requested char protruding for TS1 encoding
(pdfcprot)             but TS1 encoding doesn't seem to be loaded.
(pdfcprot)             Maybe you forgot a '\usepackage{textcomp}'. on input lin
e 805.
Package pdfcprot Info: You've requested char protruding for TS1 encoding
(pdfcprot)             but TS1 encoding doesn't seem to be loaded.
(pdfcprot)             Maybe you forgot a '\usepackage{textcomp}'. on input lin
e 805.
)
Package scrbase Info: \ifpdftex already defined.
(scrbase)             If \ifpdftex does not behave like
(scrbase)             it was described at the KOMA-Script manual, try to
(scrbase)             load `scrbase.sty' earlier or find out at which
(scrbase)             package or class \ifpdftex was defined before.

(c:/texlive/2017/texmf-dist/tex/generic/german/ngerman.sty v2.5e 1998-07-08
Package: ngerman 1998/07/08 v2.5e Support for writing german texts (br)
\grmnU@D=\dimen103
ngerman -- \language number for naustrian undefined, default 33 used.
)
(c:/texlive/2017/texmf-dist/tex/latex/base/inputenc.sty
Package: inputenc 2015/03/17 v1.2c Input encoding file
\inpenc@prehook=\toks16
\inpenc@posthook=\toks17

(c:/texlive/2017/texmf-dist/tex/latex/base/latin1.def
File: latin1.def 2015/03/17 v1.2c Input encoding file
))
(c:/texlive/2017/texmf-dist/tex/latex/base/fontenc.sty
Package: fontenc 2017/04/05 v2.0i Standard LaTeX package

(c:/texlive/2017/texmf-dist/tex/latex/base/t1enc.def
File: t1enc.def 2017/04/05 v2.0i Standard LaTeX file
LaTeX Font Info:    Redeclaring font encoding T1 on input line 48.
))
(c:/texlive/2017/texmf-dist/tex/latex/url/url.sty
\Urlmuskip=\muskip10
Package: url 2013/09/16  ver 3.4  Verb mode for urls, etc.
)
(c:/texlive/2017/texmf-dist/tex/latex/ae/ae.sty
Package: ae 2001/02/12 1.3 Almost European Computer Modern

(c:/texlive/2017/texmf-dist/tex/latex/base/fontenc.sty
Package: fontenc 2017/04/05 v2.0i Standard LaTeX package

(c:/texlive/2017/texmf-dist/tex/latex/base/t1enc.def
File: t1enc.def 2017/04/05 v2.0i Standard LaTeX file
LaTeX Font Info:    Redeclaring font encoding T1 on input line 48.
)
LaTeX Font Info:    Try loading font information for T1+aer on input line 105.

(c:/texlive/2017/texmf-dist/tex/latex/ae/t1aer.fd
File: t1aer.fd 1997/11/16 Font definitions for T1/aer.
)))
(c:/texlive/2017/texmf-dist/tex/latex/graphics/graphicx.sty
Package: graphicx 2017/06/01 v1.1a Enhanced LaTeX Graphics (DPC,SPQR)

(c:/texlive/2017/texmf-dist/tex/latex/graphics/graphics.sty
Package: graphics 2017/06/25 v1.2c Standard LaTeX Graphics (DPC,SPQR)

(c:/texlive/2017/texmf-dist/tex/latex/graphics/trig.sty
Package: trig 2016/01/03 v1.10 sin cos tan (DPC)
)
(c:/texlive/2017/texmf-dist/tex/latex/graphics-cfg/graphics.cfg
File: graphics.cfg 2016/06/04 v1.11 sample graphics configuration
)
Package graphics Info: Driver file: pdftex.def on input line 99.

(c:/texlive/2017/texmf-dist/tex/latex/graphics-def/pdftex.def
File: pdftex.def 2018/01/08 v1.0l Graphics/color driver for pdftex
))
\Gin@req@height=\dimen104
\Gin@req@width=\dimen105
)
(c:/texlive/2017/texmf-dist/tex/latex/koma-script/scrpage2.sty
Package: scrpage2 2017/09/07 v3.24 KOMA-Script package (page head and foot)


Package scrpage2 Warning: usage of obsolete package!
(scrpage2)                Package `scrpage2' is obsolete.
(scrpage2)                You should not longer use package `scrpage2'.
(scrpage2)                You should replace usage of package `scrpage2'
(scrpage2)                by `scrlayer-scrpage' on input line 52.

LaTeX Info: Redefining \pagemark on input line 180.
) (c:/texlive/2017/texmf-dist/tex/latex/setspace/setspace.sty
Package: setspace 2011/12/19 v6.7a set line spacing
)
(c:/texlive/2017/texmf-dist/tex/latex/hyperref/hyperref.sty
Package: hyperref 2017/03/14 v6.85a Hypertext links for LaTeX

(c:/texlive/2017/texmf-dist/tex/generic/oberdiek/hobsub-hyperref.sty
Package: hobsub-hyperref 2016/05/16 v1.14 Bundle oberdiek, subset hyperref (HO)


(c:/texlive/2017/texmf-dist/tex/generic/oberdiek/hobsub-generic.sty
Package: hobsub-generic 2016/05/16 v1.14 Bundle oberdiek, subset generic (HO)
Package: hobsub 2016/05/16 v1.14 Construct package bundles (HO)
Package: infwarerr 2016/05/16 v1.4 Providing info/warning/error messages (HO)
Package: ltxcmds 2016/05/16 v1.23 LaTeX kernel commands for general use (HO)
Package: ifluatex 2016/05/16 v1.4 Provides the ifluatex switch (HO)
Package ifluatex Info: LuaTeX not detected.
Package: ifvtex 2016/05/16 v1.6 Detect VTeX and its facilities (HO)
Package ifvtex Info: VTeX not detected.
Package: intcalc 2016/05/16 v1.2 Expandable calculations with integers (HO)
Package: ifpdf 2017/03/15 v3.2 Provides the ifpdf switch
Package: etexcmds 2016/05/16 v1.6 Avoid name clashes with e-TeX commands (HO)
Package etexcmds Info: Could not find \expanded.
(etexcmds)             That can mean that you are not using pdfTeX 1.50 or
(etexcmds)             that some package has redefined \expanded.
(etexcmds)             In the latter case, load this package earlier.
Package: kvsetkeys 2016/05/16 v1.17 Key value parser (HO)
Package: kvdefinekeys 2016/05/16 v1.4 Define keys (HO)
Package: pdftexcmds 2017/03/19 v0.25 Utility functions of pdfTeX for LuaTeX (HO
)
Package pdftexcmds Info: LuaTeX not detected.
Package pdftexcmds Info: \pdf@primitive is available.
Package pdftexcmds Info: \pdf@ifprimitive is available.
Package pdftexcmds Info: \pdfdraftmode found.
Package: pdfescape 2016/05/16 v1.14 Implements pdfTeX's escape features (HO)
Package: bigintcalc 2016/05/16 v1.4 Expandable calculations on big integers (HO
)
Package: bitset 2016/05/16 v1.2 Handle bit-vector datatype (HO)
Package: uniquecounter 2016/05/16 v1.3 Provide unlimited unique counter (HO)
)
Package hobsub Info: Skipping package `hobsub' (already loaded).
Package: letltxmacro 2016/05/16 v1.5 Let assignment for LaTeX macros (HO)
Package: hopatch 2016/05/16 v1.3 Wrapper for package hooks (HO)
Package: xcolor-patch 2016/05/16 xcolor patch
Package: atveryend 2016/05/16 v1.9 Hooks at the very end of document (HO)
Package atveryend Info: \enddocument detected (standard20110627).
Package: atbegshi 2016/06/09 v1.18 At begin shipout hook (HO)
Package: refcount 2016/05/16 v3.5 Data extraction from label references (HO)
Package: hycolor 2016/05/16 v1.8 Color options for hyperref/bookmark (HO)
)
(c:/texlive/2017/texmf-dist/tex/generic/ifxetex/ifxetex.sty
Package: ifxetex 2010/09/12 v0.6 Provides ifxetex conditional
)
(c:/texlive/2017/texmf-dist/tex/latex/oberdiek/auxhook.sty
Package: auxhook 2016/05/16 v1.4 Hooks for auxiliary files (HO)
)
(c:/texlive/2017/texmf-dist/tex/latex/oberdiek/kvoptions.sty
Package: kvoptions 2016/05/16 v3.12 Key value format for package options (HO)
)
\@linkdim=\dimen106
\Hy@linkcounter=\count101
\Hy@pagecounter=\count102

(c:/texlive/2017/texmf-dist/tex/latex/hyperref/pd1enc.def
File: pd1enc.def 2017/03/14 v6.85a Hyperref: PDFDocEncoding definition (HO)
)
\Hy@SavedSpaceFactor=\count103

(c:/texlive/2017/texmf-dist/tex/latex/latexconfig/hyperref.cfg
File: hyperref.cfg 2002/06/06 v1.2 hyperref configuration of TeXLive
)
Package hyperref Info: Option `plainpages' set `false' on input line 4374.
Package hyperref Info: Option `pdfpagelabels' set `true' on input line 4374.
Package hyperref Info: Option `hypertexnames' set `false' on input line 4374.
Package hyperref Info: Hyper figures OFF on input line 4498.
Package hyperref Info: Link nesting OFF on input line 4503.
Package hyperref Info: Hyper index ON on input line 4506.
Package hyperref Info: Plain pages OFF on input line 4513.
Package hyperref Info: Backreferencing OFF on input line 4518.
Package hyperref Info: Implicit mode ON; LaTeX internals redefined.
Package hyperref Info: Bookmarks ON on input line 4751.
\c@Hy@tempcnt=\count104
LaTeX Info: Redefining \url on input line 5104.
\XeTeXLinkMargin=\dimen107
\Fld@menulength=\count105
\Field@Width=\dimen108
\Fld@charsize=\dimen109
Package hyperref Info: Hyper figures OFF on input line 6358.
Package hyperref Info: Link nesting OFF on input line 6363.
Package hyperref Info: Hyper index ON on input line 6366.
Package hyperref Info: backreferencing OFF on input line 6373.
Package hyperref Info: Link coloring OFF on input line 6378.
Package hyperref Info: Link coloring with OCG OFF on input line 6383.
Package hyperref Info: PDF/A mode OFF on input line 6388.
LaTeX Info: Redefining \ref on input line 6428.
LaTeX Info: Redefining \pageref on input line 6432.
\Hy@abspage=\count106
\c@Item=\count107
\c@Hfootnote=\count108
)

Package hyperref Message: Driver (autodetected): hpdftex.

(c:/texlive/2017/texmf-dist/tex/latex/hyperref/hpdftex.def
File: hpdftex.def 2017/03/14 v6.85a Hyperref driver for pdfTeX
\Fld@listcount=\count109
\c@bookmark@seq@number=\count110

(c:/texlive/2017/texmf-dist/tex/latex/oberdiek/rerunfilecheck.sty
Package: rerunfilecheck 2016/05/16 v1.8 Rerun checks for auxiliary files (HO)
Package uniquecounter Info: New unique counter `rerunfilecheck' on input line 2
82.
)
\Hy@SectionHShift=\skip56
)
(c:/texlive/2017/texmf-dist/tex/latex/listings/listings.sty
\lst@mode=\count111
\lst@gtempboxa=\box28
\lst@token=\toks18
\lst@length=\count112
\lst@currlwidth=\dimen110
\lst@column=\count113
\lst@pos=\count114
\lst@lostspace=\dimen111
\lst@width=\dimen112
\lst@newlines=\count115
\lst@lineno=\count116
\lst@maxwidth=\dimen113

(c:/texlive/2017/texmf-dist/tex/latex/listings/lstmisc.sty
File: lstmisc.sty 2015/06/04 1.6 (Carsten Heinz)
\c@lstnumber=\count117
\lst@skipnumbers=\count118
\lst@framebox=\box29
)
(c:/texlive/2017/texmf-dist/tex/latex/listings/listings.cfg
File: listings.cfg 2015/06/04 1.6 listings configuration
))
Package: listings 2015/06/04 1.6 (Carsten Heinz)

(c:/texlive/2017/texmf-dist/tex/latex/xcolor/xcolor.sty
Package: xcolor 2016/05/11 v2.12 LaTeX color extensions (UK)

(c:/texlive/2017/texmf-dist/tex/latex/graphics-cfg/color.cfg
File: color.cfg 2016/01/02 v1.6 sample color configuration
)
Package xcolor Info: Driver file: pdftex.def on input line 225.
Package xcolor Info: Model `cmy' substituted by `cmy0' on input line 1348.
Package xcolor Info: Model `hsb' substituted by `rgb' on input line 1352.
Package xcolor Info: Model `RGB' extended on input line 1364.
Package xcolor Info: Model `HTML' substituted by `rgb' on input line 1366.
Package xcolor Info: Model `Hsb' substituted by `hsb' on input line 1367.
Package xcolor Info: Model `tHsb' substituted by `hsb' on input line 1368.
Package xcolor Info: Model `HSB' substituted by `hsb' on input line 1369.
Package xcolor Info: Model `Gray' substituted by `gray' on input line 1370.
Package xcolor Info: Model `wave' substituted by `hsb' on input line 1371.

(c:/texlive/2017/texmf-dist/tex/latex/graphics/dvipsnam.def
File: dvipsnam.def 2016/06/17 v3.0m Driver-dependent file (DPC,SPQR)
))
(c:/texlive/2017/texmf-dist/tex/latex/pdfpages/pdfpages.sty
Package: pdfpages 2017/10/31 v0.5l Insert pages of external PDF documents (AM)

(c:/texlive/2017/texmf-dist/tex/latex/tools/calc.sty
Package: calc 2014/10/28 v4.3 Infix arithmetic (KKT,FJ)
\calc@Acount=\count119
\calc@Bcount=\count120
\calc@Adimen=\dimen114
\calc@Bdimen=\dimen115
\calc@Askip=\skip57
\calc@Bskip=\skip58
LaTeX Info: Redefining \setlength on input line 80.
LaTeX Info: Redefining \addtolength on input line 81.
\calc@Ccount=\count121
\calc@Cskip=\skip59
)
(c:/texlive/2017/texmf-dist/tex/latex/eso-pic/eso-pic.sty
Package: eso-pic 2015/07/21 v2.0g eso-pic (RN)
)
\AM@pagewidth=\dimen116
\AM@pageheight=\dimen117

(c:/texlive/2017/texmf-dist/tex/latex/pdfpages/pppdftex.def
File: pppdftex.def 2017/10/31 v0.5l Pdfpages driver for pdfTeX (AM)
)
\AM@pagebox=\box30
\AM@global@opts=\toks19
\AM@toc@title=\toks20
\c@AM@survey=\count122
\AM@templatesizebox=\box31
) (./nomencl.sty
Package: nomencl 2005/09/22 v4.2 Nomenclature package (LN)
\nomlabelwidth=\dimen118
\nom@tempdim=\dimen119
\nomitemsep=\skip60
)
\@nomenclaturefile=\write3
\openout3 = `dokument.nlo'.


Writing nomenclature file dokument.nlo
(c:/texlive/2017/texmf-dist/tex/generic/ulem/ulem.sty
\UL@box=\box32
\UL@hyphenbox=\box33
\UL@skip=\skip61
\UL@hook=\toks21
\UL@height=\dimen120
\UL@pe=\count123
\UL@pixel=\dimen121
\ULC@box=\box34
Package: ulem 2012/05/18
\ULdepth=\dimen122
)
\inhaltkl=\box35
\inhalt=\box36
 (./dokument.aux)
\openout1 = `dokument.aux'.

LaTeX Font Info:    Checking defaults for OML/cmm/m/it on input line 174.
LaTeX Font Info:    ... okay on input line 174.
LaTeX Font Info:    Checking defaults for T1/cmr/m/n on input line 174.
LaTeX Font Info:    ... okay on input line 174.
LaTeX Font Info:    Checking defaults for OT1/cmr/m/n on input line 174.
LaTeX Font Info:    ... okay on input line 174.
LaTeX Font Info:    Checking defaults for OMS/cmsy/m/n on input line 174.
LaTeX Font Info:    ... okay on input line 174.
LaTeX Font Info:    Checking defaults for OMX/cmex/m/n on input line 174.
LaTeX Font Info:    ... okay on input line 174.
LaTeX Font Info:    Checking defaults for U/cmr/m/n on input line 174.
LaTeX Font Info:    ... okay on input line 174.
LaTeX Font Info:    Checking defaults for PD1/pdf/m/n on input line 174.
LaTeX Font Info:    ... okay on input line 174.
Package pdfcprot Info: I didn't find aerbxnT1.cpa.
(pdfcprot)              As a fallback I will try pplmnT1.cpa. on input line 174
.

(c:/texlive/2017/texmf-dist/tex/latex/pdfcprot/pplmnT1.cpa)
Package pdfcprot Info: File pplmnT1.cpa{} used for the adjustment
(pdfcprot)             of the char protruding. It seems that it isn't the one
(pdfcprot)             you intended to use. on input line 174.
Package pdfcprot Info: I didn't find aerbxnT1.cpa.
(pdfcprot)              As a fallback I will try pplmnT1.cpa. on input line 174
.
Package pdfcprot Info: File pplmnT1.cpa{} used for the adjustment
(pdfcprot)             of the char protruding. It seems that it isn't the one
(pdfcprot)             you intended to use. on input line 174.
Package pdfcprot Info: I didn't find aerbxnT1.cpa.
(pdfcprot)              As a fallback I will try pplmnT1.cpa. on input line 174
.
Package pdfcprot Info: File pplmnT1.cpa{} used for the adjustment
(pdfcprot)             of the char protruding. It seems that it isn't the one
(pdfcprot)             you intended to use. on input line 174.
Package pdfcprot Info: I didn't find aerbxnT1.cpa.
(pdfcprot)              As a fallback I will try pplmnT1.cpa. on input line 174
.
Package pdfcprot Info: File pplmnT1.cpa{} used for the adjustment
(pdfcprot)             of the char protruding. It seems that it isn't the one
(pdfcprot)             you intended to use. on input line 174.
LaTeX Font Info:    Try loading font information for T1+aess on input line 174.


(c:/texlive/2017/texmf-dist/tex/latex/ae/t1aess.fd
File: t1aess.fd 1997/11/16 Font definitions for T1/aess.
)
Package pdfcprot Info: I didn't find aessbxnT1.cpa.
(pdfcprot)              As a fallback I will try pplmnT1.cpa. on input line 174
.
Package pdfcprot Info: File pplmnT1.cpa{} used for the adjustment
(pdfcprot)             of the char protruding. It seems that it isn't the one
(pdfcprot)             you intended to use. on input line 174.
Package pdfcprot Info: I didn't find aessbxnT1.cpa.
(pdfcprot)              As a fallback I will try pplmnT1.cpa. on input line 174
.
Package pdfcprot Info: File pplmnT1.cpa{} used for the adjustment
(pdfcprot)             of the char protruding. It seems that it isn't the one
(pdfcprot)             you intended to use. on input line 174.
Package pdfcprot Info: I didn't find aessbxnT1.cpa.
(pdfcprot)              As a fallback I will try pplmnT1.cpa. on input line 174
.
Package pdfcprot Info: File pplmnT1.cpa{} used for the adjustment
(pdfcprot)             of the char protruding. It seems that it isn't the one
(pdfcprot)             you intended to use. on input line 174.
Package pdfcprot Info: I didn't find aessbxnT1.cpa.
(pdfcprot)              As a fallback I will try pplmnT1.cpa. on input line 174
.
Package pdfcprot Info: File pplmnT1.cpa{} used for the adjustment
(pdfcprot)             of the char protruding. It seems that it isn't the one
(pdfcprot)             you intended to use. on input line 174.
Package pdfcprot Info: I didn't find aermnT1.cpa.
(pdfcprot)              As a fallback I will try pplmnT1.cpa. on input line 174
.
Package pdfcprot Info: File pplmnT1.cpa{} used for the adjustment
(pdfcprot)             of the char protruding. It seems that it isn't the one
(pdfcprot)             you intended to use. on input line 174.
Package pdfcprot Info: I didn't find aermnT1.cpa.
(pdfcprot)              As a fallback I will try pplmnT1.cpa. on input line 174
.
Package pdfcprot Info: File pplmnT1.cpa{} used for the adjustment
(pdfcprot)             of the char protruding. It seems that it isn't the one
(pdfcprot)             you intended to use. on input line 174.
Package pdfcprot Info: I didn't find aermnT1.cpa.
(pdfcprot)              As a fallback I will try pplmnT1.cpa. on input line 174
.
Package pdfcprot Info: File pplmnT1.cpa{} used for the adjustment
(pdfcprot)             of the char protruding. It seems that it isn't the one
(pdfcprot)             you intended to use. on input line 174.
Package pdfcprot Info: I didn't find aermnT1.cpa.
(pdfcprot)              As a fallback I will try pplmnT1.cpa. on input line 174
.
Package pdfcprot Info: File pplmnT1.cpa{} used for the adjustment
(pdfcprot)             of the char protruding. It seems that it isn't the one
(pdfcprot)             you intended to use. on input line 174.
Package pdfcprot Info: I didn't find aermitT1.cpa.
(pdfcprot)              As a fallback I will try pplmnT1.cpa. on input line 174
.
Package pdfcprot Info: File pplmnT1.cpa{} used for the adjustment
(pdfcprot)             of the char protruding. It seems that it isn't the one
(pdfcprot)             you intended to use. on input line 174.
Package pdfcprot Info: I didn't find aermitT1.cpa.
(pdfcprot)              As a fallback I will try pplmnT1.cpa. on input line 174
.
Package pdfcprot Info: File pplmnT1.cpa{} used for the adjustment
(pdfcprot)             of the char protruding. It seems that it isn't the one
(pdfcprot)             you intended to use. on input line 174.
Package pdfcprot Info: I didn't find aermitT1.cpa.
(pdfcprot)              As a fallback I will try pplmnT1.cpa. on input line 174
.
Package pdfcprot Info: File pplmnT1.cpa{} used for the adjustment
(pdfcprot)             of the char protruding. It seems that it isn't the one
(pdfcprot)             you intended to use. on input line 174.
Package pdfcprot Info: I didn't find aermitT1.cpa.
(pdfcprot)              As a fallback I will try pplmnT1.cpa. on input line 174
.
Package pdfcprot Info: File pplmnT1.cpa{} used for the adjustment
(pdfcprot)             of the char protruding. It seems that it isn't the one
(pdfcprot)             you intended to use. on input line 174.
Package pdfcprot Info: I didn't find aessmnT1.cpa.
(pdfcprot)              As a fallback I will try pplmnT1.cpa. on input line 174
.
Package pdfcprot Info: File pplmnT1.cpa{} used for the adjustment
(pdfcprot)             of the char protruding. It seems that it isn't the one
(pdfcprot)             you intended to use. on input line 174.
Package pdfcprot Info: I didn't find aessmnT1.cpa.
(pdfcprot)              As a fallback I will try pplmnT1.cpa. on input line 174
.
Package pdfcprot Info: File pplmnT1.cpa{} used for the adjustment
(pdfcprot)             of the char protruding. It seems that it isn't the one
(pdfcprot)             you intended to use. on input line 174.
Package pdfcprot Info: I didn't find aessmnT1.cpa.
(pdfcprot)              As a fallback I will try pplmnT1.cpa. on input line 174
.
Package pdfcprot Info: File pplmnT1.cpa{} used for the adjustment
(pdfcprot)             of the char protruding. It seems that it isn't the one
(pdfcprot)             you intended to use. on input line 174.
Package pdfcprot Info: I didn't find aessmnT1.cpa.
(pdfcprot)              As a fallback I will try pplmnT1.cpa. on input line 174
.
Package pdfcprot Info: File pplmnT1.cpa{} used for the adjustment
(pdfcprot)             of the char protruding. It seems that it isn't the one
(pdfcprot)             you intended to use. on input line 174.
LaTeX Font Info:    Font shape `T1/aess/m/it' in size <10> not available
(Font)              Font shape `T1/aess/m/sl' tried instead on input line 174.
LaTeX Font Info:    Font shape `T1/aess/m/it' in size <14.4> not available
(Font)              Font shape `T1/aess/m/sl' tried instead on input line 174.
Package pdfcprot Info: I didn't find aessmitT1.cpa.
(pdfcprot)              As a fallback I will try pplmnT1.cpa. on input line 174
.
Package pdfcprot Info: File pplmnT1.cpa{} used for the adjustment
(pdfcprot)             of the char protruding. It seems that it isn't the one
(pdfcprot)             you intended to use. on input line 174.
LaTeX Font Info:    Font shape `T1/aess/m/it' in size <12> not available
(Font)              Font shape `T1/aess/m/sl' tried instead on input line 174.
Package pdfcprot Info: I didn't find aessmitT1.cpa.
(pdfcprot)              As a fallback I will try pplmnT1.cpa. on input line 174
.
Package pdfcprot Info: File pplmnT1.cpa{} used for the adjustment
(pdfcprot)             of the char protruding. It seems that it isn't the one
(pdfcprot)             you intended to use. on input line 174.
LaTeX Font Info:    Font shape `T1/aess/m/it' in size <10.95> not available
(Font)              Font shape `T1/aess/m/sl' tried instead on input line 174.
Package pdfcprot Info: I didn't find aessmitT1.cpa.
(pdfcprot)              As a fallback I will try pplmnT1.cpa. on input line 174
.
Package pdfcprot Info: File pplmnT1.cpa{} used for the adjustment
(pdfcprot)             of the char protruding. It seems that it isn't the one
(pdfcprot)             you intended to use. on input line 174.
Package pdfcprot Info: I didn't find aessmitT1.cpa.
(pdfcprot)              As a fallback I will try pplmnT1.cpa. on input line 174
.
Package pdfcprot Info: File pplmnT1.cpa{} used for the adjustment
(pdfcprot)             of the char protruding. It seems that it isn't the one
(pdfcprot)             you intended to use. on input line 174.
Package pdfcprot Info: I didn't find aessmslT1.cpa.
(pdfcprot)              As a fallback I will try pplmnT1.cpa. on input line 174
.
Package pdfcprot Info: File pplmnT1.cpa{} used for the adjustment
(pdfcprot)             of the char protruding. It seems that it isn't the one
(pdfcprot)             you intended to use. on input line 174.
Package pdfcprot Info: I didn't find aessmslT1.cpa.
(pdfcprot)              As a fallback I will try pplmnT1.cpa. on input line 174
.
Package pdfcprot Info: File pplmnT1.cpa{} used for the adjustment
(pdfcprot)             of the char protruding. It seems that it isn't the one
(pdfcprot)             you intended to use. on input line 174.
Package pdfcprot Info: I didn't find aessmslT1.cpa.
(pdfcprot)              As a fallback I will try pplmnT1.cpa. on input line 174
.
Package pdfcprot Info: File pplmnT1.cpa{} used for the adjustment
(pdfcprot)             of the char protruding. It seems that it isn't the one
(pdfcprot)             you intended to use. on input line 174.
Package pdfcprot Info: I didn't find aessmslT1.cpa.
(pdfcprot)              As a fallback I will try pplmnT1.cpa. on input line 174
.
Package pdfcprot Info: File pplmnT1.cpa{} used for the adjustment
(pdfcprot)             of the char protruding. It seems that it isn't the one
(pdfcprot)             you intended to use. on input line 174.

(c:/texlive/2017/texmf-dist/tex/context/base/mkii/supp-pdf.mkii
[Loading MPS to PDF converter (version 2006.09.02).]
\scratchcounter=\count124
\scratchdimen=\dimen123
\scratchbox=\box37
\nofMPsegments=\count125
\nofMParguments=\count126
\everyMPshowfont=\toks22
\MPscratchCnt=\count127
\MPscratchDim=\dimen124
\MPnumerator=\count128
\makeMPintoPDFobject=\count129
\everyMPtoPDFconversion=\toks23
) (c:/texlive/2017/texmf-dist/tex/latex/oberdiek/epstopdf-base.sty
Package: epstopdf-base 2016/05/15 v2.6 Base part for package epstopdf

(c:/texlive/2017/texmf-dist/tex/latex/oberdiek/grfext.sty
Package: grfext 2016/05/16 v1.2 Manage graphics extensions (HO)
)
Package epstopdf-base Info: Redefining graphics rule for `.eps' on input line 4
38.
Package grfext Info: Graphics extension search list:
(grfext)             [.pdf,.png,.jpg,.mps,.jpeg,.jbig2,.jb2,.PDF,.PNG,.JPG,.JPE
G,.JBIG2,.JB2,.eps]
(grfext)             \AppendGraphicsExtensions on input line 456.

(c:/texlive/2017/texmf-dist/tex/latex/latexconfig/epstopdf-sys.cfg
File: epstopdf-sys.cfg 2010/07/13 v1.3 Configuration of (r)epstopdf for TeX Liv
e
))
\AtBeginShipoutBox=\box38
Package hyperref Info: Link coloring OFF on input line 174.

(c:/texlive/2017/texmf-dist/tex/latex/hyperref/nameref.sty
Package: nameref 2016/05/21 v2.44 Cross-referencing by name of section

(c:/texlive/2017/texmf-dist/tex/generic/oberdiek/gettitlestring.sty
Package: gettitlestring 2016/05/16 v1.5 Cleanup title references (HO)
)
\c@section@level=\count130
)
LaTeX Info: Redefining \ref on input line 174.
LaTeX Info: Redefining \pageref on input line 174.
LaTeX Info: Redefining \nameref on input line 174.

(./dokument.out) (./dokument.out)
\@outlinefile=\write4
\openout4 = `dokument.out'.

\c@lstlisting=\count131

(c:/texlive/2017/texmf-dist/tex/latex/oberdiek/pdflscape.sty
Package: pdflscape 2016/05/14 v0.11 Display of landscape pages in PDF (HO)

(c:/texlive/2017/texmf-dist/tex/latex/graphics/lscape.sty
Package: lscape 2000/10/22 v3.01 Landscape Pages (DPC)
)
Package pdflscape Info: Auto-detected driver: pdftex on input line 81.
)

Package scrbase Warning: \ifpdftex was redefined
(scrbase)                at the document preamble.
(scrbase)                If you did not redefine it by yourself, have a
(scrbase)                a look at the description of this command at
(scrbase)                the manual of every package you are using.

(./titelblatt.tex
<bilder/Uni_Aug_Logo_Basis_pos_A.pdf, id=168, 357.78581pt x 215.29033pt>
File: bilder/Uni_Aug_Logo_Basis_pos_A.pdf Graphic file (type pdf)
<use bilder/Uni_Aug_Logo_Basis_pos_A.pdf>
Package pdftex.def Info: bilder/Uni_Aug_Logo_Basis_pos_A.pdf  used on input lin
e 20.
(pdftex.def)             Requested size: 143.11179pt x 86.1146pt.
LaTeX Font Info:    External font `cmex10' loaded for size
(Font)              <12> on input line 30.
LaTeX Font Info:    External font `cmex10' loaded for size
(Font)              <8> on input line 30.
LaTeX Font Info:    External font `cmex10' loaded for size
(Font)              <6> on input line 30.
 [1



{c:/texlive/2017/texmf-var/fonts/map/pdftex/updmap/pdftex.map} <./bilder/Uni_Au
g_Logo_Basis_pos_A.pdf>]) (./kurzfassung.tex [2


])
(./dokument.toc [1




])
\tf@toc=\write5
\openout5 = `dokument.toc'.

 [2] (./kapitel1.tex
chapter 1.

Class scrreprt Warning: \float@addtolists detected!
(scrreprt)              Implementation of \float@addtolist became
(scrreprt)              deprecated in KOMA-Script v3.01 2008/11/14 and
(scrreprt)              has been replaced by several more flexible
(scrreprt)              features of package `tocbasic`.
(scrreprt)              Since Version 3.12 support for deprecated
(scrreprt)              \float@addtolist interface has been
(scrreprt)              restricted to only some of the KOMA-Script
(scrreprt)              features and been removed from others.
(scrreprt)              Loading of package `scrhack' may help to
(scrreprt)              avoid this warning, if you are using a
(scrreprt)              a package that still implements the
(scrreprt)              deprecated \float@addtolist interface .

) (./kapitel2.tex [1




]
chapter 2.
) (./kapitel3.tex [2


]
chapter 3.
) (./kapitel4.tex [3


]
chapter 4.
LaTeX Font Info:    Try loading font information for OMS+aer on input line 22.
(c:/texlive/2017/texmf-dist/tex/latex/ae/omsaer.fd
File: omsaer.fd 1999/12/27
)
LaTeX Font Info:    Font shape `OMS/aer/m/n' in size <12> not available
(Font)              Font shape `OMS/cmsy/m/n' tried instead on input line 22.

ngerman: "rr is now obsolete, please use rrr instead on input line 27.
ngerman: "FF is now obsolete, please use FFF instead on input line 27.
[4


]
<bilder/WebValues.png, id=256, 1156.32pt x 650.43pt>
File: bilder/WebValues.png Graphic file (type png)
<use bilder/WebValues.png>
Package pdftex.def Info: bilder/WebValues.png  used on input line 43.
(pdftex.def)             Requested size: 439.31064pt x 247.10641pt.
 [5 <./bilder/WebValues.png>]) (./kapitel5.tex [6] [7]
chapter 5.
) (./kapitel6.tex) [8


] [9


] (./anhang_quellcode.tex
chapter A.
(c:/texlive/2017/texmf-dist/tex/latex/listings/lstlang1.sty
File: lstlang1.sty 2015/06/04 1.6 listings language file
)
(c:/texlive/2017/texmf-dist/tex/latex/listings/lstlang1.sty
File: lstlang1.sty 2015/06/04 1.6 listings language file
)
(c:/texlive/2017/texmf-dist/tex/latex/listings/lstmisc.sty
File: lstmisc.sty 2015/06/04 1.6 (Carsten Heinz)
)
Package hyperref Info: bookmark level for unknown lstlisting defaults to 0 on i
nput line 4.
LaTeX Font Info:    Try loading font information for T1+aett on input line 4.

(c:/texlive/2017/texmf-dist/tex/latex/ae/t1aett.fd
File: t1aett.fd 1997/11/16 Font definitions for T1/aett.
)
(../../Arduino/OmniMoveESP/src/communication.cpp

LaTeX Font Warning: Font shape `T1/aett/bx/n' undefined
(Font)              using `T1/aett/m/n' instead on input line 1.

[10


]) (../../Arduino/OmniMoveESP/src/communication.h [11])
(../../Arduino/OmniMoveESP/src/movement.cpp [12] [13] [14] [15])
(../../Arduino/OmniMoveESP/src/movement.h [16] [17]
Overfull \hbox (188.52823pt too wide) in paragraph at lines 72--73
[][][][][][][][][][][][][][][][][][][][][][][][][][][][][][][][][][][][][][][][
][][][][][][][][][][][][][][][][][][][][][][][][][][][][][][][][][][][][][][][]
[][][][]  
 []

) (../../Arduino/OmniMoveESP/src/util.cpp [18] [19])
(../../Arduino/OmniMoveESP/src/util.h) (../../Arduino/OmniMoveESP/src/main.cpp
[20] [21] [22]
LaTeX Font Info:    External font `cmex10' loaded for size
(Font)              <7> on input line 120.
LaTeX Font Info:    External font `cmex10' loaded for size
(Font)              <5> on input line 120.
) (c:/texlive/2017/texmf-dist/tex/latex/listings/lstlang1.sty
File: lstlang1.sty 2015/06/04 1.6 listings language file
)
(c:/texlive/2017/texmf-dist/tex/latex/listings/lstmisc.sty
File: lstmisc.sty 2015/06/04 1.6 (Carsten Heinz)
)
(../../Arduino/OmniMoveESP/data/index.html [23] [24]) [25]
(c:/texlive/2017/texmf-dist/tex/latex/listings/lstlang1.sty
File: lstlang1.sty 2015/06/04 1.6 listings language file
)
(../../Arduino/OmniMoveESP/data/code.js [26] [27] [28] [29] [30] [31] [32])
(../../Arduino/OmniMoveESP/data/style.css [33])) (./anhang_techzeichnungen.tex
[34]
chapter B.
<../techzeich/00.PDF, id=1346, 1195.46625pt x 845.1575pt>
File: ../techzeich/00.PDF Graphic file (type pdf)
<use ../techzeich/00.PDF>
Package pdftex.def Info: ../techzeich/00.PDF  used on input line 4.
(pdftex.def)             Requested size: 439.31064pt x 310.57553pt.
<../techzeich/01.PDF, id=1347, 1195.46625pt x 845.1575pt>
File: ../techzeich/01.PDF Graphic file (type pdf)
<use ../techzeich/01.PDF>
Package pdftex.def Info: ../techzeich/01.PDF  used on input line 9.
(pdftex.def)             Requested size: 439.31064pt x 310.57553pt.
<../techzeich/1.PDF, id=1348, 1690.315pt x 1195.46625pt>
File: ../techzeich/1.PDF Graphic file (type pdf)
<use ../techzeich/1.PDF>
Package pdftex.def Info: ../techzeich/1.PDF  used on input line 14.
(pdftex.def)             Requested size: 439.31064pt x 310.70444pt.
<../techzeich/1iso.PDF, id=1349, 845.1575pt x 597.23125pt>
File: ../techzeich/1iso.PDF Graphic file (type pdf)
<use ../techzeich/1iso.PDF>
Package pdftex.def Info: ../techzeich/1iso.PDF  used on input line 19.
(pdftex.def)             Requested size: 439.31064pt x 310.44356pt.
<../techzeich/2.PDF, id=1350, 845.1575pt x 597.23125pt>
File: ../techzeich/2.PDF Graphic file (type pdf)
<use ../techzeich/2.PDF>
Package pdftex.def Info: ../techzeich/2.PDF  used on input line 24.
(pdftex.def)             Requested size: 439.31064pt x 310.44356pt.
<../techzeich/3.PDF, id=1351, 845.1575pt x 597.23125pt>
File: ../techzeich/3.PDF Graphic file (type pdf)
<use ../techzeich/3.PDF>
Package pdftex.def Info: ../techzeich/3.PDF  used on input line 29.
(pdftex.def)             Requested size: 439.31064pt x 310.44356pt.
<../techzeich/4.PDF, id=1352, 845.1575pt x 597.23125pt>
File: ../techzeich/4.PDF Graphic file (type pdf)
<use ../techzeich/4.PDF>
Package pdftex.def Info: ../techzeich/4.PDF  used on input line 33.
(pdftex.def)             Requested size: 439.31064pt x 310.44356pt.
<../techzeich/5.PDF, id=1353, 845.1575pt x 597.23125pt>
File: ../techzeich/5.PDF Graphic file (type pdf)
<use ../techzeich/5.PDF>
Package pdftex.def Info: ../techzeich/5.PDF  used on input line 37.
(pdftex.def)             Requested size: 439.31064pt x 310.44356pt.
<../techzeich/6.PDF, id=1354, 845.1575pt x 597.23125pt>
File: ../techzeich/6.PDF Graphic file (type pdf)
<use ../techzeich/6.PDF>
Package pdftex.def Info: ../techzeich/6.PDF  used on input line 41.
(pdftex.def)             Requested size: 439.31064pt x 310.44356pt.
<../techzeich/7.PDF, id=1355, 845.1575pt x 597.23125pt>
File: ../techzeich/7.PDF Graphic file (type pdf)
<use ../techzeich/7.PDF>
Package pdftex.def Info: ../techzeich/7.PDF  used on input line 45.
(pdftex.def)             Requested size: 439.31064pt x 310.44356pt.
<../techzeich/8.PDF, id=1356, 845.1575pt x 597.23125pt>
File: ../techzeich/8.PDF Graphic file (type pdf)
<use ../techzeich/8.PDF>
Package pdftex.def Info: ../techzeich/8.PDF  used on input line 49.
(pdftex.def)             Requested size: 439.31064pt x 310.44356pt.
<../techzeich/9.PDF, id=1357, 845.1575pt x 597.23125pt>
File: ../techzeich/9.PDF Graphic file (type pdf)
<use ../techzeich/9.PDF>
Package pdftex.def Info: ../techzeich/9.PDF  used on input line 53.
(pdftex.def)             Requested size: 439.31064pt x 310.44356pt.
<../techzeich/10.PDF, id=1358, 845.1575pt x 597.23125pt>
File: ../techzeich/10.PDF Graphic file (type pdf)
<use ../techzeich/10.PDF>
Package pdftex.def Info: ../techzeich/10.PDF  used on input line 57.
(pdftex.def)             Requested size: 439.31064pt x 310.44356pt.
<../techzeich/11.PDF, id=1359, 845.1575pt x 597.23125pt>
File: ../techzeich/11.PDF Graphic file (type pdf)
<use ../techzeich/11.PDF>
Package pdftex.def Info: ../techzeich/11.PDF  used on input line 61.
(pdftex.def)             Requested size: 439.31064pt x 310.44356pt.
<../techzeich/12.PDF, id=1360, 845.1575pt x 597.23125pt>
File: ../techzeich/12.PDF Graphic file (type pdf)
<use ../techzeich/12.PDF>
Package pdftex.def Info: ../techzeich/12.PDF  used on input line 65.
(pdftex.def)             Requested size: 439.31064pt x 310.44356pt.
) (./anhang_listings.tex [35


 <../techzeich/00.PDF>] [36 <../techzeich/01.PDF>]
[37 <../techzeich/1.PDF>] [38 <../techzeich/1iso.PDF>] [39 <../techzeich/2.PDF>
] [40 <../techzeich/3.PDF>] [41 <../techzeich/4.PDF>] [42 <../techzeich/5.PDF>]
[43 <../techzeich/6.PDF>] [44 <../techzeich/7.PDF>] [45 <../techzeich/8.PDF>]
[46 <../techzeich/9.PDF>] [47 <../techzeich/10.PDF>] [48 <../techzeich/11.PDF>]
[49 <../techzeich/12.PDF>]

Class scrreprt Warning: \float@listhead detected!
(scrreprt)              Implementation of \float@listhead became
(scrreprt)              deprecated in KOMA-Script v3.01 2008/11/14 and
(scrreprt)              has been replaced by several more flexible
(scrreprt)              features of package `tocbasic`.
(scrreprt)              Maybe implementation of \float@listhead will
(scrreprt)              be removed from KOMA-Script soon.
(scrreprt)              Loading of package `scrhack' may help to
(scrreprt)              avoid this warning, if you are using a
(scrreprt)              a package that still implements the
(scrreprt)              deprecated \float@listhead interface  on input line 21.


chapter without number
(./dokument.lol)
\tf@lol=\write6
\openout6 = `dokument.lol'.

) (./anhang_abbildungsverzeichnis.tex [50




] (./dokument.lof)
\tf@lof=\write7
\openout7 = `dokument.lof'.

)
(./anhang_tabellenverzeichnis.tex [51




] (./dokument.lot)
\tf@lot=\write8
\openout8 = `dokument.lot'.

)
Package atveryend Info: Empty hook `BeforeClearDocument' on input line 225.
 [52




]
Package atveryend Info: Empty hook `AfterLastShipout' on input line 225.
 (./dokument.aux)
Package atveryend Info: Executing hook `AtVeryEndDocument' on input line 225.
Package atveryend Info: Executing hook `AtEndAfterFileList' on input line 225.
Package rerunfilecheck Info: File `dokument.out' has not changed.
(rerunfilecheck)             Checksum: 4251C372EC4D3B44F3ACA9CC42DA8811;2455.


LaTeX Font Warning: Some font shapes were not available, defaults substituted.

Package atveryend Info: Empty hook `AtVeryVeryEnd' on input line 225.
 ) 
Here is how much of TeX's memory you used:
 13706 strings out of 492980
 206897 string characters out of 6136207
 538945 words of memory out of 5000000
 15893 multiletter control sequences out of 15000+600000
 69573 words of font info for 103 fonts, out of 8000000 for 9000
 1142 hyphenation exceptions out of 8191
 42i,11n,66p,8821b,2144s stack positions out of 5000i,500n,10000p,200000b,80000s
<c:/texlive/2017/texmf-dist/fonts/type1/public/amsfonts/cm/cmbx12.pfb><c:/tex
live/2017/texmf-dist/fonts/type1/public/amsfonts/cm/cmcsc10.pfb><c:/texlive/201
7/texmf-dist/fonts/type1/public/amsfonts/cm/cmitt10.pfb><c:/texlive/2017/texmf-
dist/fonts/type1/public/amsfonts/cm/cmr12.pfb><c:/texlive/2017/texmf-dist/fonts
/type1/public/amsfonts/cm/cmr17.pfb><c:/texlive/2017/texmf-dist/fonts/type1/pub
lic/amsfonts/cm/cmr6.pfb><c:/texlive/2017/texmf-dist/fonts/type1/public/amsfont
s/cm/cmsl12.pfb><c:/texlive/2017/texmf-dist/fonts/type1/public/amsfonts/cm/cmsl
8.pfb><c:/texlive/2017/texmf-dist/fonts/type1/public/amsfonts/cm/cmssbx10.pfb><
c:/texlive/2017/texmf-dist/fonts/type1/public/amsfonts/cm/cmsy10.pfb><c:/texliv
e/2017/texmf-dist/fonts/type1/public/amsfonts/cm/cmsy7.pfb><c:/texlive/2017/tex
mf-dist/fonts/type1/public/amsfonts/cm/cmtt10.pfb>
Output written on dokument.pdf (56 pages, 4364407 bytes).
PDF statistics:
 1876 PDF objects out of 2073 (max. 8388607)
 1738 compressed objects within 18 object streams
 1062 named destinations out of 1200 (max. 500000)
 12702 words of extra memory for PDF output out of 14400 (max. 10000000)

